c:\dev\tcc\runicvtt\runicvtt\x64\debug\vc143.pdb
c:\dev\tcc\runicvtt\runicvtt\x64\debug\vc143.idb
c:\dev\tcc\runicvtt\runicvtt\x64\debug\renderer.obj
c:\dev\tcc\runicvtt\runicvtt\x64\debug\imgui_widgets.obj
c:\dev\tcc\runicvtt\runicvtt\x64\debug\imgui_tables.obj
c:\dev\tcc\runicvtt\runicvtt\x64\debug\imgui_impl_opengl3.obj
c:\dev\tcc\runicvtt\runicvtt\x64\debug\imgui_impl_glfw.obj
c:\dev\tcc\runicvtt\runicvtt\x64\debug\imgui_draw.obj
c:\dev\tcc\runicvtt\runicvtt\x64\debug\imgui_demo.obj
c:\dev\tcc\runicvtt\runicvtt\x64\debug\imgui.obj
c:\dev\tcc\runicvtt\runicvtt\x64\debug\vertexbuffer.obj
c:\dev\tcc\runicvtt\runicvtt\x64\debug\indexbuffer.obj
c:\dev\tcc\runicvtt\runicvtt\x64\debug\application.obj
c:\dev\tcc\runicvtt\runicvtt\x64\debug\vertexarray.obj
c:\dev\tcc\runicvtt\runicvtt\x64\debug\shader.obj
c:\dev\tcc\runicvtt\runicvtt\x64\debug\texture.obj
c:\dev\tcc\runicvtt\runicvtt\x64\debug\stb_image.obj
c:\dev\tcc\runicvtt\x64\debug\runicvtt.exe
c:\dev\tcc\runicvtt\runicvtt\x64\debug\runicvtt.ilk
c:\dev\tcc\runicvtt\x64\debug\runicvtt.pdb
c:\dev\tcc\runicvtt\runicvtt\x64\debug\window.obj
c:\dev\tcc\runicvtt\runicvtt\x64\debug\application.obj.enc
c:\dev\tcc\runicvtt\runicvtt\x64\debug\runicvtt.tlog\cl.command.1.tlog
c:\dev\tcc\runicvtt\runicvtt\x64\debug\runicvtt.tlog\cl.items.tlog
c:\dev\tcc\runicvtt\runicvtt\x64\debug\runicvtt.tlog\cl.read.1.tlog
c:\dev\tcc\runicvtt\runicvtt\x64\debug\runicvtt.tlog\cl.write.1.tlog
c:\dev\tcc\runicvtt\runicvtt\x64\debug\runicvtt.tlog\link.command.1.tlog
c:\dev\tcc\runicvtt\runicvtt\x64\debug\runicvtt.tlog\link.read.1.tlog
c:\dev\tcc\runicvtt\runicvtt\x64\debug\runicvtt.tlog\link.write.1.tlog
