  main.cpp
  Camera.cpp
  Window.cpp
  imgui.cpp
  imgui_demo.cpp
  imgui_draw.cpp
  imgui_impl_glfw.cpp
  imgui_impl_opengl3.cpp
  imgui_tables.cpp
  imgui_widgets.cpp
  IndexBuffer.cpp
  Renderer.cpp
  Shader.cpp
  Texture.cpp
  glm.cpp
  stb_image.cpp
  VertexArray.cpp
C:\Dev\RunicVTT\RunicVTT\src\renderer\VertexArray.cpp(27,3): warning C4312: 'conversão de tipo': conversão de 'unsigned int' para 'const void *' de tamanho maior
  VertexBuffer.cpp
  Gerando Código...
glew32s.lib(glew.obj) : warning LNK4099: PDB '' não foi encontrado 'glew32s.lib(glew.obj)' ou no ''; vinculando objeto quando quando sem nenhuma informação de depuração
LINK : warning LNK4098: defaultlib 'MSVCRT' conflita com uso de outras bibliotecas; use /NODEFAULTLIB:library
LINK : warning LNK4098: defaultlib 'LIBCMT' conflita com uso de outras bibliotecas; use /NODEFAULTLIB:library
  RunicVTT.vcxproj -> C:\Dev\RunicVTT\x64\Debug\RunicVTT.exe
